E:\GitHub\TopWnd\Top\Release\Top.exe
E:\GitHub\TopWnd\Top\Release\Top.pdb
E:\GitHub\TopWnd\Top\Top\Release\cl.command.1.tlog
E:\GitHub\TopWnd\Top\Top\Release\CL.read.1.tlog
E:\GitHub\TopWnd\Top\Top\Release\CL.write.1.tlog
E:\GitHub\TopWnd\Top\Top\Release\link.command.1.tlog
E:\GitHub\TopWnd\Top\Top\Release\link.read.1.tlog
E:\GitHub\TopWnd\Top\Top\Release\link.write.1.tlog
E:\GitHub\TopWnd\Top\Top\Release\link-cvtres.read.1.tlog
E:\GitHub\TopWnd\Top\Top\Release\link-cvtres.write.1.tlog
E:\GitHub\TopWnd\Top\Top\Release\mt.command.1.tlog
E:\GitHub\TopWnd\Top\Top\Release\mt.read.1.tlog
E:\GitHub\TopWnd\Top\Top\Release\mt.write.1.tlog
E:\GitHub\TopWnd\Top\Top\Release\rc.command.1.tlog
E:\GitHub\TopWnd\Top\Top\Release\rc.read.1.tlog
E:\GitHub\TopWnd\Top\Top\Release\rc.write.1.tlog
E:\GitHub\TopWnd\Top\Top\Release\stdafx.obj
E:\GitHub\TopWnd\Top\Top\Release\Top.exe.intermediate.manifest
E:\GitHub\TopWnd\Top\Top\Release\Top.obj
E:\GitHub\TopWnd\Top\Top\Release\Top.pch
E:\GitHub\TopWnd\Top\Top\Release\Top.res
E:\GitHub\TopWnd\Top\Top\Release\Top.write.1.tlog
E:\GitHub\TopWnd\Top\Top\Release\TopDlg.obj
E:\GitHub\TopWnd\Top\Top\Release\vc100.pdb
E:\VS\TOP\RELEASE\TOP.EXE
E:\VS\TOP\RELEASE\TOP.PDB
E:\VS\TOP\TOP\RELEASE\STDAFX.OBJ
E:\VS\TOP\TOP\RELEASE\TOP.EXE.INTERMEDIATE.MANIFEST
E:\VS\TOP\TOP\RELEASE\TOP.OBJ
E:\VS\TOP\TOP\RELEASE\TOP.PCH
E:\VS\TOP\TOP\RELEASE\TOP.RES
E:\VS\TOP\TOP\RELEASE\TOPDLG.OBJ
E:\VS\TOP\TOP\RELEASE\VC100.PDB
