E:\GitHub\TopWnd\Top\Debug\Top.exe
E:\GitHub\TopWnd\Top\Debug\Top.ilk
E:\GitHub\TopWnd\Top\Debug\Top.pdb
E:\GitHub\TopWnd\Top\Top\Debug\cl.command.1.tlog
E:\GitHub\TopWnd\Top\Top\Debug\CL.read.1.tlog
E:\GitHub\TopWnd\Top\Top\Debug\CL.write.1.tlog
E:\GitHub\TopWnd\Top\Top\Debug\link.command.1.tlog
E:\GitHub\TopWnd\Top\Top\Debug\link.read.1.tlog
E:\GitHub\TopWnd\Top\Top\Debug\link.write.1.tlog
E:\GitHub\TopWnd\Top\Top\Debug\link-cvtres.read.1.tlog
E:\GitHub\TopWnd\Top\Top\Debug\link-cvtres.write.1.tlog
E:\GitHub\TopWnd\Top\Top\Debug\mt.command.1.tlog
E:\GitHub\TopWnd\Top\Top\Debug\mt.read.1.tlog
E:\GitHub\TopWnd\Top\Top\Debug\mt.write.1.tlog
E:\GitHub\TopWnd\Top\Top\Debug\rc.command.1.tlog
E:\GitHub\TopWnd\Top\Top\Debug\rc.read.1.tlog
E:\GitHub\TopWnd\Top\Top\Debug\rc.write.1.tlog
E:\GitHub\TopWnd\Top\Top\Debug\stdafx.obj
E:\GitHub\TopWnd\Top\Top\Debug\Top.exe.embed.manifest
E:\GitHub\TopWnd\Top\Top\Debug\Top.exe.embed.manifest.res
E:\GitHub\TopWnd\Top\Top\Debug\Top.exe.intermediate.manifest
E:\GitHub\TopWnd\Top\Top\Debug\Top.obj
E:\GitHub\TopWnd\Top\Top\Debug\Top.pch
E:\GitHub\TopWnd\Top\Top\Debug\Top.res
E:\GitHub\TopWnd\Top\Top\Debug\Top.vcxprojResolveAssemblyReference.cache
E:\GitHub\TopWnd\Top\Top\Debug\Top.write.1.tlog
E:\GitHub\TopWnd\Top\Top\Debug\Top_manifest.rc
E:\GitHub\TopWnd\Top\Top\Debug\TopDlg.obj
E:\GitHub\TopWnd\Top\Top\Debug\vc100.idb
E:\GitHub\TopWnd\Top\Top\Debug\vc100.pdb
E:\VS\TOP\DEBUG\TOP.EXE
E:\VS\TOP\DEBUG\TOP.ILK
E:\VS\TOP\DEBUG\TOP.PDB
E:\VS\TOP\TOP\DEBUG\STDAFX.OBJ
E:\VS\TOP\TOP\DEBUG\TOP.EXE.EMBED.MANIFEST
E:\VS\TOP\TOP\DEBUG\TOP.EXE.EMBED.MANIFEST.RES
E:\VS\TOP\TOP\DEBUG\TOP.EXE.INTERMEDIATE.MANIFEST
E:\VS\TOP\TOP\DEBUG\TOP.OBJ
E:\VS\TOP\TOP\DEBUG\TOP.PCH
E:\VS\TOP\TOP\DEBUG\TOP.RES
E:\VS\TOP\TOP\DEBUG\TOPDLG.OBJ
E:\VS\TOP\TOP\DEBUG\VC100.PDB
